<?xml version="1.0" encoding="UTF-8"?>
<testsuite xmlns:xsi="http://www.w3.org/2001/XMLSchema-instance" xsi:noNamespaceSchemaLocation="https://maven.apache.org/surefire/maven-surefire-plugin/xsd/surefire-test-report.xsd" name="com.liwei.ProjactApplicationTests" time="7.115" tests="1" errors="0" skipped="0" failures="0">
  <properties>
    <property name="sun.desktop" value="windows"/>
    <property name="awt.toolkit" value="sun.awt.windows.WToolkit"/>
    <property name="file.encoding.pkg" value="sun.io"/>
    <property name="java.specification.version" value="1.8"/>
    <property name="sun.cpu.isalist" value="amd64"/>
    <property name="sun.jnu.encoding" value="GBK"/>
    <property name="java.class.path" value="D:\GitHub\github-slideshow\projact\target\test-classes;D:\GitHub\github-slideshow\projact\target\classes;B:\mven_repotory\org\springframework\boot\spring-boot-starter-jdbc\2.5.4\spring-boot-starter-jdbc-2.5.4.jar;B:\mven_repotory\org\springframework\boot\spring-boot-starter\2.5.4\spring-boot-starter-2.5.4.jar;B:\mven_repotory\org\springframework\boot\spring-boot\2.5.4\spring-boot-2.5.4.jar;B:\mven_repotory\org\springframework\boot\spring-boot-autoconfigure\2.5.4\spring-boot-autoconfigure-2.5.4.jar;B:\mven_repotory\org\springframework\boot\spring-boot-starter-logging\2.5.4\spring-boot-starter-logging-2.5.4.jar;B:\mven_repotory\ch\qos\logback\logback-classic\1.2.5\logback-classic-1.2.5.jar;B:\mven_repotory\ch\qos\logback\logback-core\1.2.5\logback-core-1.2.5.jar;B:\mven_repotory\org\apache\logging\log4j\log4j-to-slf4j\2.14.1\log4j-to-slf4j-2.14.1.jar;B:\mven_repotory\org\apache\logging\log4j\log4j-api\2.14.1\log4j-api-2.14.1.jar;B:\mven_repotory\org\slf4j\jul-to-slf4j\1.7.32\jul-to-slf4j-1.7.32.jar;B:\mven_repotory\jakarta\annotation\jakarta.annotation-api\1.3.5\jakarta.annotation-api-1.3.5.jar;B:\mven_repotory\org\yaml\snakeyaml\1.28\snakeyaml-1.28.jar;B:\mven_repotory\com\zaxxer\HikariCP\4.0.3\HikariCP-4.0.3.jar;B:\mven_repotory\org\springframework\spring-jdbc\5.3.9\spring-jdbc-5.3.9.jar;B:\mven_repotory\org\springframework\spring-beans\5.3.9\spring-beans-5.3.9.jar;B:\mven_repotory\org\springframework\spring-tx\5.3.9\spring-tx-5.3.9.jar;B:\mven_repotory\org\springframework\boot\spring-boot-starter-thymeleaf\2.5.4\spring-boot-starter-thymeleaf-2.5.4.jar;B:\mven_repotory\org\springframework\boot\spring-boot-starter-web\2.5.4\spring-boot-starter-web-2.5.4.jar;B:\mven_repotory\org\springframework\boot\spring-boot-starter-json\2.5.4\spring-boot-starter-json-2.5.4.jar;B:\mven_repotory\com\fasterxml\jackson\core\jackson-databind\2.12.4\jackson-databind-2.12.4.jar;B:\mven_repotory\com\fasterxml\jackson\core\jackson-annotations\2.12.4\jackson-annotations-2.12.4.jar;B:\mven_repotory\com\fasterxml\jackson\core\jackson-core\2.12.4\jackson-core-2.12.4.jar;B:\mven_repotory\com\fasterxml\jackson\datatype\jackson-datatype-jdk8\2.12.4\jackson-datatype-jdk8-2.12.4.jar;B:\mven_repotory\com\fasterxml\jackson\datatype\jackson-datatype-jsr310\2.12.4\jackson-datatype-jsr310-2.12.4.jar;B:\mven_repotory\com\fasterxml\jackson\module\jackson-module-parameter-names\2.12.4\jackson-module-parameter-names-2.12.4.jar;B:\mven_repotory\org\springframework\boot\spring-boot-starter-tomcat\2.5.4\spring-boot-starter-tomcat-2.5.4.jar;B:\mven_repotory\org\apache\tomcat\embed\tomcat-embed-core\9.0.52\tomcat-embed-core-9.0.52.jar;B:\mven_repotory\org\apache\tomcat\embed\tomcat-embed-websocket\9.0.52\tomcat-embed-websocket-9.0.52.jar;B:\mven_repotory\org\springframework\spring-web\5.3.9\spring-web-5.3.9.jar;B:\mven_repotory\org\springframework\spring-webmvc\5.3.9\spring-webmvc-5.3.9.jar;B:\mven_repotory\org\springframework\spring-aop\5.3.9\spring-aop-5.3.9.jar;B:\mven_repotory\org\springframework\spring-context\5.3.9\spring-context-5.3.9.jar;B:\mven_repotory\org\springframework\spring-expression\5.3.9\spring-expression-5.3.9.jar;B:\mven_repotory\org\apache\shiro\shiro-spring\1.4.1\shiro-spring-1.4.1.jar;B:\mven_repotory\org\apache\shiro\shiro-core\1.4.1\shiro-core-1.4.1.jar;B:\mven_repotory\org\apache\shiro\shiro-lang\1.4.1\shiro-lang-1.4.1.jar;B:\mven_repotory\org\apache\shiro\shiro-cache\1.4.1\shiro-cache-1.4.1.jar;B:\mven_repotory\org\apache\shiro\shiro-crypto-hash\1.4.1\shiro-crypto-hash-1.4.1.jar;B:\mven_repotory\org\apache\shiro\shiro-crypto-core\1.4.1\shiro-crypto-core-1.4.1.jar;B:\mven_repotory\org\apache\shiro\shiro-crypto-cipher\1.4.1\shiro-crypto-cipher-1.4.1.jar;B:\mven_repotory\org\apache\shiro\shiro-config-core\1.4.1\shiro-config-core-1.4.1.jar;B:\mven_repotory\org\apache\shiro\shiro-config-ogdl\1.4.1\shiro-config-ogdl-1.4.1.jar;B:\mven_repotory\commons-beanutils\commons-beanutils\1.9.3\commons-beanutils-1.9.3.jar;B:\mven_repotory\commons-collections\commons-collections\3.2.2\commons-collections-3.2.2.jar;B:\mven_repotory\org\apache\shiro\shiro-event\1.4.1\shiro-event-1.4.1.jar;B:\mven_repotory\org\apache\shiro\shiro-web\1.4.1\shiro-web-1.4.1.jar;B:\mven_repotory\mysql\mysql-connector-java\8.0.26\mysql-connector-java-8.0.26.jar;B:\mven_repotory\org\projectlombok\lombok\1.18.20\lombok-1.18.20.jar;B:\mven_repotory\org\springframework\boot\spring-boot-starter-test\2.5.4\spring-boot-starter-test-2.5.4.jar;B:\mven_repotory\org\springframework\boot\spring-boot-test\2.5.4\spring-boot-test-2.5.4.jar;B:\mven_repotory\org\springframework\boot\spring-boot-test-autoconfigure\2.5.4\spring-boot-test-autoconfigure-2.5.4.jar;B:\mven_repotory\com\jayway\jsonpath\json-path\2.5.0\json-path-2.5.0.jar;B:\mven_repotory\net\minidev\json-smart\2.4.7\json-smart-2.4.7.jar;B:\mven_repotory\net\minidev\accessors-smart\2.4.7\accessors-smart-2.4.7.jar;B:\mven_repotory\org\ow2\asm\asm\9.1\asm-9.1.jar;B:\mven_repotory\jakarta\xml\bind\jakarta.xml.bind-api\2.3.3\jakarta.xml.bind-api-2.3.3.jar;B:\mven_repotory\jakarta\activation\jakarta.activation-api\1.2.2\jakarta.activation-api-1.2.2.jar;B:\mven_repotory\org\assertj\assertj-core\3.19.0\assertj-core-3.19.0.jar;B:\mven_repotory\org\hamcrest\hamcrest\2.2\hamcrest-2.2.jar;B:\mven_repotory\org\junit\jupiter\junit-jupiter\5.7.2\junit-jupiter-5.7.2.jar;B:\mven_repotory\org\junit\jupiter\junit-jupiter-api\5.7.2\junit-jupiter-api-5.7.2.jar;B:\mven_repotory\org\apiguardian\apiguardian-api\1.1.0\apiguardian-api-1.1.0.jar;B:\mven_repotory\org\opentest4j\opentest4j\1.2.0\opentest4j-1.2.0.jar;B:\mven_repotory\org\junit\platform\junit-platform-commons\1.7.2\junit-platform-commons-1.7.2.jar;B:\mven_repotory\org\junit\jupiter\junit-jupiter-params\5.7.2\junit-jupiter-params-5.7.2.jar;B:\mven_repotory\org\junit\jupiter\junit-jupiter-engine\5.7.2\junit-jupiter-engine-5.7.2.jar;B:\mven_repotory\org\junit\platform\junit-platform-engine\1.7.2\junit-platform-engine-1.7.2.jar;B:\mven_repotory\org\mockito\mockito-core\3.9.0\mockito-core-3.9.0.jar;B:\mven_repotory\net\bytebuddy\byte-buddy\1.10.22\byte-buddy-1.10.22.jar;B:\mven_repotory\net\bytebuddy\byte-buddy-agent\1.10.22\byte-buddy-agent-1.10.22.jar;B:\mven_repotory\org\objenesis\objenesis\3.2\objenesis-3.2.jar;B:\mven_repotory\org\mockito\mockito-junit-jupiter\3.9.0\mockito-junit-jupiter-3.9.0.jar;B:\mven_repotory\org\skyscreamer\jsonassert\1.5.0\jsonassert-1.5.0.jar;B:\mven_repotory\com\vaadin\external\google\android-json\0.0.20131108.vaadin1\android-json-0.0.20131108.vaadin1.jar;B:\mven_repotory\org\springframework\spring-core\5.3.9\spring-core-5.3.9.jar;B:\mven_repotory\org\springframework\spring-jcl\5.3.9\spring-jcl-5.3.9.jar;B:\mven_repotory\org\springframework\spring-test\5.3.9\spring-test-5.3.9.jar;B:\mven_repotory\org\xmlunit\xmlunit-core\2.8.2\xmlunit-core-2.8.2.jar;B:\mven_repotory\org\mybatis\spring\boot\mybatis-spring-boot-starter\2.1.1\mybatis-spring-boot-starter-2.1.1.jar;B:\mven_repotory\org\mybatis\spring\boot\mybatis-spring-boot-autoconfigure\2.1.1\mybatis-spring-boot-autoconfigure-2.1.1.jar;B:\mven_repotory\org\mybatis\mybatis\3.5.3\mybatis-3.5.3.jar;B:\mven_repotory\org\mybatis\mybatis-spring\2.0.3\mybatis-spring-2.0.3.jar;B:\mven_repotory\com\alibaba\druid\1.1.21\druid-1.1.21.jar;B:\mven_repotory\log4j\log4j\1.2.17\log4j-1.2.17.jar;B:\mven_repotory\org\hibernate\validator\hibernate-validator\6.2.0.Final\hibernate-validator-6.2.0.Final.jar;B:\mven_repotory\jakarta\validation\jakarta.validation-api\2.0.2\jakarta.validation-api-2.0.2.jar;B:\mven_repotory\org\jboss\logging\jboss-logging\3.4.2.Final\jboss-logging-3.4.2.Final.jar;B:\mven_repotory\com\fasterxml\classmate\1.5.1\classmate-1.5.1.jar;B:\mven_repotory\org\springframework\boot\spring-boot-starter-validation\2.5.4\spring-boot-starter-validation-2.5.4.jar;B:\mven_repotory\org\apache\tomcat\embed\tomcat-embed-el\9.0.52\tomcat-embed-el-9.0.52.jar;B:\mven_repotory\org\thymeleaf\thymeleaf-spring5\3.0.10.RELEASE\thymeleaf-spring5-3.0.10.RELEASE.jar;B:\mven_repotory\org\thymeleaf\thymeleaf\3.0.12.RELEASE\thymeleaf-3.0.12.RELEASE.jar;B:\mven_repotory\org\attoparser\attoparser\2.0.5.RELEASE\attoparser-2.0.5.RELEASE.jar;B:\mven_repotory\org\unbescape\unbescape\1.1.6.RELEASE\unbescape-1.1.6.RELEASE.jar;B:\mven_repotory\org\slf4j\slf4j-api\1.7.32\slf4j-api-1.7.32.jar;B:\mven_repotory\org\thymeleaf\extras\thymeleaf-extras-java8time\3.0.3.RELEASE\thymeleaf-extras-java8time-3.0.3.RELEASE.jar;"/>
    <property name="java.vm.vendor" value="Oracle Corporation"/>
    <property name="sun.arch.data.model" value="64"/>
    <property name="user.variant" value=""/>
    <property name="java.vendor.url" value="http://java.oracle.com/"/>
    <property name="user.timezone" value="Asia/Shanghai"/>
    <property name="java.vm.specification.version" value="1.8"/>
    <property name="os.name" value="Windows 10"/>
    <property name="user.country" value="CN"/>
    <property name="sun.java.launcher" value="SUN_STANDARD"/>
    <property name="sun.boot.library.path" value="C:\Program Files\Java\jdk1.8.0_131\jre\bin"/>
    <property name="sun.java.command" value="C:\Users\ZHI316~1\AppData\Local\Temp\surefire2894655219097019510\surefirebooter5508920013581801393.jar C:\Users\zhi316016220\AppData\Local\Temp\surefire2894655219097019510 2021-09-07T21-59-49_870-jvmRun1 surefire4447256865973767745tmp surefire_04898748889438773576tmp"/>
    <property name="surefire.test.class.path" value="D:\GitHub\github-slideshow\projact\target\test-classes;D:\GitHub\github-slideshow\projact\target\classes;B:\mven_repotory\org\springframework\boot\spring-boot-starter-jdbc\2.5.4\spring-boot-starter-jdbc-2.5.4.jar;B:\mven_repotory\org\springframework\boot\spring-boot-starter\2.5.4\spring-boot-starter-2.5.4.jar;B:\mven_repotory\org\springframework\boot\spring-boot\2.5.4\spring-boot-2.5.4.jar;B:\mven_repotory\org\springframework\boot\spring-boot-autoconfigure\2.5.4\spring-boot-autoconfigure-2.5.4.jar;B:\mven_repotory\org\springframework\boot\spring-boot-starter-logging\2.5.4\spring-boot-starter-logging-2.5.4.jar;B:\mven_repotory\ch\qos\logback\logback-classic\1.2.5\logback-classic-1.2.5.jar;B:\mven_repotory\ch\qos\logback\logback-core\1.2.5\logback-core-1.2.5.jar;B:\mven_repotory\org\apache\logging\log4j\log4j-to-slf4j\2.14.1\log4j-to-slf4j-2.14.1.jar;B:\mven_repotory\org\apache\logging\log4j\log4j-api\2.14.1\log4j-api-2.14.1.jar;B:\mven_repotory\org\slf4j\jul-to-slf4j\1.7.32\jul-to-slf4j-1.7.32.jar;B:\mven_repotory\jakarta\annotation\jakarta.annotation-api\1.3.5\jakarta.annotation-api-1.3.5.jar;B:\mven_repotory\org\yaml\snakeyaml\1.28\snakeyaml-1.28.jar;B:\mven_repotory\com\zaxxer\HikariCP\4.0.3\HikariCP-4.0.3.jar;B:\mven_repotory\org\springframework\spring-jdbc\5.3.9\spring-jdbc-5.3.9.jar;B:\mven_repotory\org\springframework\spring-beans\5.3.9\spring-beans-5.3.9.jar;B:\mven_repotory\org\springframework\spring-tx\5.3.9\spring-tx-5.3.9.jar;B:\mven_repotory\org\springframework\boot\spring-boot-starter-thymeleaf\2.5.4\spring-boot-starter-thymeleaf-2.5.4.jar;B:\mven_repotory\org\springframework\boot\spring-boot-starter-web\2.5.4\spring-boot-starter-web-2.5.4.jar;B:\mven_repotory\org\springframework\boot\spring-boot-starter-json\2.5.4\spring-boot-starter-json-2.5.4.jar;B:\mven_repotory\com\fasterxml\jackson\core\jackson-databind\2.12.4\jackson-databind-2.12.4.jar;B:\mven_repotory\com\fasterxml\jackson\core\jackson-annotations\2.12.4\jackson-annotations-2.12.4.jar;B:\mven_repotory\com\fasterxml\jackson\core\jackson-core\2.12.4\jackson-core-2.12.4.jar;B:\mven_repotory\com\fasterxml\jackson\datatype\jackson-datatype-jdk8\2.12.4\jackson-datatype-jdk8-2.12.4.jar;B:\mven_repotory\com\fasterxml\jackson\datatype\jackson-datatype-jsr310\2.12.4\jackson-datatype-jsr310-2.12.4.jar;B:\mven_repotory\com\fasterxml\jackson\module\jackson-module-parameter-names\2.12.4\jackson-module-parameter-names-2.12.4.jar;B:\mven_repotory\org\springframework\boot\spring-boot-starter-tomcat\2.5.4\spring-boot-starter-tomcat-2.5.4.jar;B:\mven_repotory\org\apache\tomcat\embed\tomcat-embed-core\9.0.52\tomcat-embed-core-9.0.52.jar;B:\mven_repotory\org\apache\tomcat\embed\tomcat-embed-websocket\9.0.52\tomcat-embed-websocket-9.0.52.jar;B:\mven_repotory\org\springframework\spring-web\5.3.9\spring-web-5.3.9.jar;B:\mven_repotory\org\springframework\spring-webmvc\5.3.9\spring-webmvc-5.3.9.jar;B:\mven_repotory\org\springframework\spring-aop\5.3.9\spring-aop-5.3.9.jar;B:\mven_repotory\org\springframework\spring-context\5.3.9\spring-context-5.3.9.jar;B:\mven_repotory\org\springframework\spring-expression\5.3.9\spring-expression-5.3.9.jar;B:\mven_repotory\org\apache\shiro\shiro-spring\1.4.1\shiro-spring-1.4.1.jar;B:\mven_repotory\org\apache\shiro\shiro-core\1.4.1\shiro-core-1.4.1.jar;B:\mven_repotory\org\apache\shiro\shiro-lang\1.4.1\shiro-lang-1.4.1.jar;B:\mven_repotory\org\apache\shiro\shiro-cache\1.4.1\shiro-cache-1.4.1.jar;B:\mven_repotory\org\apache\shiro\shiro-crypto-hash\1.4.1\shiro-crypto-hash-1.4.1.jar;B:\mven_repotory\org\apache\shiro\shiro-crypto-core\1.4.1\shiro-crypto-core-1.4.1.jar;B:\mven_repotory\org\apache\shiro\shiro-crypto-cipher\1.4.1\shiro-crypto-cipher-1.4.1.jar;B:\mven_repotory\org\apache\shiro\shiro-config-core\1.4.1\shiro-config-core-1.4.1.jar;B:\mven_repotory\org\apache\shiro\shiro-config-ogdl\1.4.1\shiro-config-ogdl-1.4.1.jar;B:\mven_repotory\commons-beanutils\commons-beanutils\1.9.3\commons-beanutils-1.9.3.jar;B:\mven_repotory\commons-collections\commons-collections\3.2.2\commons-collections-3.2.2.jar;B:\mven_repotory\org\apache\shiro\shiro-event\1.4.1\shiro-event-1.4.1.jar;B:\mven_repotory\org\apache\shiro\shiro-web\1.4.1\shiro-web-1.4.1.jar;B:\mven_repotory\mysql\mysql-connector-java\8.0.26\mysql-connector-java-8.0.26.jar;B:\mven_repotory\org\projectlombok\lombok\1.18.20\lombok-1.18.20.jar;B:\mven_repotory\org\springframework\boot\spring-boot-starter-test\2.5.4\spring-boot-starter-test-2.5.4.jar;B:\mven_repotory\org\springframework\boot\spring-boot-test\2.5.4\spring-boot-test-2.5.4.jar;B:\mven_repotory\org\springframework\boot\spring-boot-test-autoconfigure\2.5.4\spring-boot-test-autoconfigure-2.5.4.jar;B:\mven_repotory\com\jayway\jsonpath\json-path\2.5.0\json-path-2.5.0.jar;B:\mven_repotory\net\minidev\json-smart\2.4.7\json-smart-2.4.7.jar;B:\mven_repotory\net\minidev\accessors-smart\2.4.7\accessors-smart-2.4.7.jar;B:\mven_repotory\org\ow2\asm\asm\9.1\asm-9.1.jar;B:\mven_repotory\jakarta\xml\bind\jakarta.xml.bind-api\2.3.3\jakarta.xml.bind-api-2.3.3.jar;B:\mven_repotory\jakarta\activation\jakarta.activation-api\1.2.2\jakarta.activation-api-1.2.2.jar;B:\mven_repotory\org\assertj\assertj-core\3.19.0\assertj-core-3.19.0.jar;B:\mven_repotory\org\hamcrest\hamcrest\2.2\hamcrest-2.2.jar;B:\mven_repotory\org\junit\jupiter\junit-jupiter\5.7.2\junit-jupiter-5.7.2.jar;B:\mven_repotory\org\junit\jupiter\junit-jupiter-api\5.7.2\junit-jupiter-api-5.7.2.jar;B:\mven_repotory\org\apiguardian\apiguardian-api\1.1.0\apiguardian-api-1.1.0.jar;B:\mven_repotory\org\opentest4j\opentest4j\1.2.0\opentest4j-1.2.0.jar;B:\mven_repotory\org\junit\platform\junit-platform-commons\1.7.2\junit-platform-commons-1.7.2.jar;B:\mven_repotory\org\junit\jupiter\junit-jupiter-params\5.7.2\junit-jupiter-params-5.7.2.jar;B:\mven_repotory\org\junit\jupiter\junit-jupiter-engine\5.7.2\junit-jupiter-engine-5.7.2.jar;B:\mven_repotory\org\junit\platform\junit-platform-engine\1.7.2\junit-platform-engine-1.7.2.jar;B:\mven_repotory\org\mockito\mockito-core\3.9.0\mockito-core-3.9.0.jar;B:\mven_repotory\net\bytebuddy\byte-buddy\1.10.22\byte-buddy-1.10.22.jar;B:\mven_repotory\net\bytebuddy\byte-buddy-agent\1.10.22\byte-buddy-agent-1.10.22.jar;B:\mven_repotory\org\objenesis\objenesis\3.2\objenesis-3.2.jar;B:\mven_repotory\org\mockito\mockito-junit-jupiter\3.9.0\mockito-junit-jupiter-3.9.0.jar;B:\mven_repotory\org\skyscreamer\jsonassert\1.5.0\jsonassert-1.5.0.jar;B:\mven_repotory\com\vaadin\external\google\android-json\0.0.20131108.vaadin1\android-json-0.0.20131108.vaadin1.jar;B:\mven_repotory\org\springframework\spring-core\5.3.9\spring-core-5.3.9.jar;B:\mven_repotory\org\springframework\spring-jcl\5.3.9\spring-jcl-5.3.9.jar;B:\mven_repotory\org\springframework\spring-test\5.3.9\spring-test-5.3.9.jar;B:\mven_repotory\org\xmlunit\xmlunit-core\2.8.2\xmlunit-core-2.8.2.jar;B:\mven_repotory\org\mybatis\spring\boot\mybatis-spring-boot-starter\2.1.1\mybatis-spring-boot-starter-2.1.1.jar;B:\mven_repotory\org\mybatis\spring\boot\mybatis-spring-boot-autoconfigure\2.1.1\mybatis-spring-boot-autoconfigure-2.1.1.jar;B:\mven_repotory\org\mybatis\mybatis\3.5.3\mybatis-3.5.3.jar;B:\mven_repotory\org\mybatis\mybatis-spring\2.0.3\mybatis-spring-2.0.3.jar;B:\mven_repotory\com\alibaba\druid\1.1.21\druid-1.1.21.jar;B:\mven_repotory\log4j\log4j\1.2.17\log4j-1.2.17.jar;B:\mven_repotory\org\hibernate\validator\hibernate-validator\6.2.0.Final\hibernate-validator-6.2.0.Final.jar;B:\mven_repotory\jakarta\validation\jakarta.validation-api\2.0.2\jakarta.validation-api-2.0.2.jar;B:\mven_repotory\org\jboss\logging\jboss-logging\3.4.2.Final\jboss-logging-3.4.2.Final.jar;B:\mven_repotory\com\fasterxml\classmate\1.5.1\classmate-1.5.1.jar;B:\mven_repotory\org\springframework\boot\spring-boot-starter-validation\2.5.4\spring-boot-starter-validation-2.5.4.jar;B:\mven_repotory\org\apache\tomcat\embed\tomcat-embed-el\9.0.52\tomcat-embed-el-9.0.52.jar;B:\mven_repotory\org\thymeleaf\thymeleaf-spring5\3.0.10.RELEASE\thymeleaf-spring5-3.0.10.RELEASE.jar;B:\mven_repotory\org\thymeleaf\thymeleaf\3.0.12.RELEASE\thymeleaf-3.0.12.RELEASE.jar;B:\mven_repotory\org\attoparser\attoparser\2.0.5.RELEASE\attoparser-2.0.5.RELEASE.jar;B:\mven_repotory\org\unbescape\unbescape\1.1.6.RELEASE\unbescape-1.1.6.RELEASE.jar;B:\mven_repotory\org\slf4j\slf4j-api\1.7.32\slf4j-api-1.7.32.jar;B:\mven_repotory\org\thymeleaf\extras\thymeleaf-extras-java8time\3.0.3.RELEASE\thymeleaf-extras-java8time-3.0.3.RELEASE.jar;"/>
    <property name="sun.cpu.endian" value="little"/>
    <property name="user.home" value="C:\Users\zhi316016220"/>
    <property name="user.language" value="zh"/>
    <property name="java.specification.vendor" value="Oracle Corporation"/>
    <property name="java.home" value="C:\Program Files\Java\jdk1.8.0_131\jre"/>
    <property name="basedir" value="D:\GitHub\github-slideshow\projact"/>
    <property name="file.separator" value="\"/>
    <property name="line.separator" value="&#10;"/>
    <property name="java.vm.specification.vendor" value="Oracle Corporation"/>
    <property name="java.specification.name" value="Java Platform API Specification"/>
    <property name="java.awt.graphicsenv" value="sun.awt.Win32GraphicsEnvironment"/>
    <property name="surefire.real.class.path" value="C:\Users\ZHI316~1\AppData\Local\Temp\surefire2894655219097019510\surefirebooter5508920013581801393.jar"/>
    <property name="sun.boot.class.path" value="C:\Program Files\Java\jdk1.8.0_131\jre\lib\resources.jar;C:\Program Files\Java\jdk1.8.0_131\jre\lib\rt.jar;C:\Program Files\Java\jdk1.8.0_131\jre\lib\sunrsasign.jar;C:\Program Files\Java\jdk1.8.0_131\jre\lib\jsse.jar;C:\Program Files\Java\jdk1.8.0_131\jre\lib\jce.jar;C:\Program Files\Java\jdk1.8.0_131\jre\lib\charsets.jar;C:\Program Files\Java\jdk1.8.0_131\jre\lib\jfr.jar;C:\Program Files\Java\jdk1.8.0_131\jre\classes"/>
    <property name="user.script" value=""/>
    <property name="sun.management.compiler" value="HotSpot 64-Bit Tiered Compilers"/>
    <property name="java.runtime.version" value="1.8.0_131-b11"/>
    <property name="user.name" value="zhi316016220"/>
    <property name="path.separator" value=";"/>
    <property name="os.version" value="10.0"/>
    <property name="java.endorsed.dirs" value="C:\Program Files\Java\jdk1.8.0_131\jre\lib\endorsed"/>
    <property name="java.runtime.name" value="Java(TM) SE Runtime Environment"/>
    <property name="file.encoding" value="GBK"/>
    <property name="java.vm.name" value="Java HotSpot(TM) 64-Bit Server VM"/>
    <property name="localRepository" value="B:\mven_repotory"/>
    <property name="java.vendor.url.bug" value="http://bugreport.sun.com/bugreport/"/>
    <property name="java.io.tmpdir" value="C:\Users\ZHI316~1\AppData\Local\Temp\"/>
    <property name="idea.version" value="2021.2"/>
    <property name="java.version" value="1.8.0_131"/>
    <property name="user.dir" value="D:\GitHub\github-slideshow\projact"/>
    <property name="os.arch" value="amd64"/>
    <property name="java.vm.specification.name" value="Java Virtual Machine Specification"/>
    <property name="java.awt.printerjob" value="sun.awt.windows.WPrinterJob"/>
    <property name="sun.os.patch.level" value=""/>
    <property name="java.library.path" value="C:\Program Files\Java\jdk1.8.0_131\jre\bin;C:\WINDOWS\Sun\Java\bin;C:\WINDOWS\system32;C:\WINDOWS;D:\VMware\bin\;D:\ph\Anaconda;D:\ph\Anaconda\Library\mingw-w64\bin;D:\ph\Anaconda\Library\usr\bin;D:\ph\Anaconda\Library\bin;D:\ph\Anaconda\Scripts;C:\Program Files\Java\jdk1.8.0_131\bin;C:\Program Files (x86)\Common Files\Intel\Shared Libraries\redist\intel64\compiler;C:\Program Files\Common Files\Oracle\Java\javapath;C:\Windows\system32;C:\Windows;C:\Windows\System32\Wbem;C:\Windows\System32\WindowsPowerShell\v1.0\;C:\Program Files (x86)\NVIDIA Corporation\PhysX\Common;C:\WINDOWS\system32;C:\WINDOWS;C:\WINDOWS\System32\Wbem;C:\WINDOWS\System32\WindowsPowerShell\v1.0\;C:\WINDOWS\System32\OpenSSH\;B:\android\SDK\platform-tools;B:\android\SDK\platform-tools\adb.exe;C:\Program Files\dotnet\;D:\MATLAB\runtime\win64;D:\MATLAB\bin;C:\Program Files\NVIDIA Corporation\NVIDIA NvDLISR;C:\Program Files\Java\jdk1.8.0_131\bin;C:\Program Files (x86)\Microsoft SQL Server\150\DTS\Binn\;C:\Program Files\Microsoft SQL Server\110\DTS\Binn\;C:\Program Files (x86)\Microsoft SQL Server\110\Tools\Binn\;C:\Program Files\Microsoft SQL Server\110\Tools\Binn\;C:\Program Files (x86)\Microsoft SQL Server\110\Tools\Binn\ManagementStudio\;C:\Program Files (x86)\Microsoft Visual Studio 10.0\Common7\IDE\PrivateAssemblies\;C:\Program Files (x86)\Microsoft SQL Server\110\DTS\Binn\;E:\LINGO64_13\;C:\Users\zhi316016220\anaconda3\Lib;C:\Users\zhi316016220\anaconda3\Scripts;%HOME%\pip\pip.ini;%APPDATA%\pip\pip.ini;C:\Users\zhi316016220\AppData\Local\Programs\Python\Python38\Scripts\pip.exe;C:\Program Files\PuTTY\;B:\apache-maven-3.5.4\bin;C:\Program Files\MySQL\MySQL Server 8.0;C:\Program Files\MySQL\MySQL Server 8.0\bin;D:\xshell\;D:\xftp\;F:\Git\cmd;C:\Users\zhi316016220\AppData\Local\Programs\Python\Python38\Scripts\;C:\Users\zhi316016220\AppData\Local\Programs\Python\Python38\;C:\Users\zhi316016220\AppData\Local\Microsoft\WindowsApps;C:\Program Files\Bandizip\;B:\java学习\Tomcat 8.5\bin;B:\java学习\Tomcat 8.5\lib;D:\jetbrains\pycharm\PyCharm 2021.2\bin;;D:\Microsoft VS Code\bin;B:\android\SDK\platform-tools;D:\jetbrains\webstorm\WebStorm 2021.2\bin;;D:\jetbrains\idea\IntelliJ IDEA 2021.2\bin;;F:\neoj\neo4j-community-3.5.28-windows\neo4j-community-3.5.28\bin;C:\Users\zhi316016220\AppData\Local\GitHubDesktop\bin;."/>
    <property name="java.vm.info" value="mixed mode"/>
    <property name="java.vendor" value="Oracle Corporation"/>
    <property name="java.vm.version" value="25.131-b11"/>
    <property name="java.ext.dirs" value="C:\Program Files\Java\jdk1.8.0_131\jre\lib\ext;C:\WINDOWS\Sun\Java\lib\ext"/>
    <property name="sun.io.unicode.encoding" value="UnicodeLittle"/>
    <property name="java.class.version" value="52.0"/>
  </properties>
  <testcase name="contextLoads" classname="com.liwei.ProjactApplicationTests" time="0.951"/>
</testsuite>